C:\Users\BlackBird\Desktop\MPS\MPS_ScheletDeCod\Debug\cl.command.1.tlog
C:\Users\BlackBird\Desktop\MPS\MPS_ScheletDeCod\Debug\CL.read.1.tlog
C:\Users\BlackBird\Desktop\MPS\MPS_ScheletDeCod\Debug\CL.write.1.tlog
C:\USERS\BLACKBIRD\DESKTOP\MPS\MPS_SCHELETDECOD\DEBUG\DIRECT_ACCESS_IMAGE.OBJ
C:\USERS\BLACKBIRD\DESKTOP\MPS\MPS_SCHELETDECOD\DEBUG\DIRECT_ACCESS_IMAGE_SAMPLE.EXE
C:\USERS\BLACKBIRD\DESKTOP\MPS\MPS_SCHELETDECOD\DEBUG\DIRECT_ACCESS_IMAGE_SAMPLE.EXE.EMBED.MANIFEST
C:\USERS\BLACKBIRD\DESKTOP\MPS\MPS_SCHELETDECOD\DEBUG\DIRECT_ACCESS_IMAGE_SAMPLE.EXE.EMBED.MANIFEST.RES
C:\USERS\BLACKBIRD\DESKTOP\MPS\MPS_SCHELETDECOD\DEBUG\DIRECT_ACCESS_IMAGE_SAMPLE.EXE.INTERMEDIATE.MANIFEST
C:\USERS\BLACKBIRD\DESKTOP\MPS\MPS_SCHELETDECOD\DEBUG\DIRECT_ACCESS_IMAGE_SAMPLE.ILK
C:\USERS\BLACKBIRD\DESKTOP\MPS\MPS_SCHELETDECOD\DEBUG\DIRECT_ACCESS_IMAGE_SAMPLE.OBJ
C:\USERS\BLACKBIRD\DESKTOP\MPS\MPS_SCHELETDECOD\DEBUG\DIRECT_ACCESS_IMAGE_SAMPLE.PCH
C:\USERS\BLACKBIRD\DESKTOP\MPS\MPS_SCHELETDECOD\DEBUG\DIRECT_ACCESS_IMAGE_SAMPLE.PDB
C:\Users\BlackBird\Desktop\MPS\MPS_ScheletDeCod\Debug\Direct_Access_Image_Sample.vcxprojResolveAssemblyReference.cache
C:\Users\BlackBird\Desktop\MPS\MPS_ScheletDeCod\Debug\Direct_Access_Image_Sample.write.1.tlog
C:\Users\BlackBird\Desktop\MPS\MPS_ScheletDeCod\Debug\Direct_Access_Image_Sample_manifest.rc
C:\Users\BlackBird\Desktop\MPS\MPS_ScheletDeCod\Debug\link.1032.read.1.tlog
C:\Users\BlackBird\Desktop\MPS\MPS_ScheletDeCod\Debug\link.1032.write.1.tlog
C:\Users\BlackBird\Desktop\MPS\MPS_ScheletDeCod\Debug\link.1032-cvtres.read.1.tlog
C:\Users\BlackBird\Desktop\MPS\MPS_ScheletDeCod\Debug\link.1032-cvtres.write.1.tlog
C:\Users\BlackBird\Desktop\MPS\MPS_ScheletDeCod\Debug\link.1156.read.1.tlog
C:\Users\BlackBird\Desktop\MPS\MPS_ScheletDeCod\Debug\link.1156.write.1.tlog
C:\Users\BlackBird\Desktop\MPS\MPS_ScheletDeCod\Debug\link.1156-cvtres.read.1.tlog
C:\Users\BlackBird\Desktop\MPS\MPS_ScheletDeCod\Debug\link.1156-cvtres.write.1.tlog
C:\Users\BlackBird\Desktop\MPS\MPS_ScheletDeCod\Debug\link.1896.read.1.tlog
C:\Users\BlackBird\Desktop\MPS\MPS_ScheletDeCod\Debug\link.1896.write.1.tlog
C:\Users\BlackBird\Desktop\MPS\MPS_ScheletDeCod\Debug\link.1896-cvtres.read.1.tlog
C:\Users\BlackBird\Desktop\MPS\MPS_ScheletDeCod\Debug\link.1896-cvtres.write.1.tlog
C:\Users\BlackBird\Desktop\MPS\MPS_ScheletDeCod\Debug\link.4952.read.1.tlog
C:\Users\BlackBird\Desktop\MPS\MPS_ScheletDeCod\Debug\link.4952.write.1.tlog
C:\Users\BlackBird\Desktop\MPS\MPS_ScheletDeCod\Debug\link.4952-cvtres.read.1.tlog
C:\Users\BlackBird\Desktop\MPS\MPS_ScheletDeCod\Debug\link.4952-cvtres.write.1.tlog
C:\Users\BlackBird\Desktop\MPS\MPS_ScheletDeCod\Debug\link.5284.read.1.tlog
C:\Users\BlackBird\Desktop\MPS\MPS_ScheletDeCod\Debug\link.5284.write.1.tlog
C:\Users\BlackBird\Desktop\MPS\MPS_ScheletDeCod\Debug\link.5284-cvtres.read.1.tlog
C:\Users\BlackBird\Desktop\MPS\MPS_ScheletDeCod\Debug\link.5284-cvtres.write.1.tlog
C:\Users\BlackBird\Desktop\MPS\MPS_ScheletDeCod\Debug\link.command.1.tlog
C:\Users\BlackBird\Desktop\MPS\MPS_ScheletDeCod\Debug\link.read.1.tlog
C:\Users\BlackBird\Desktop\MPS\MPS_ScheletDeCod\Debug\link.write.1.tlog
C:\Users\BlackBird\Desktop\MPS\MPS_ScheletDeCod\Debug\link-cvtres.read.1.tlog
C:\Users\BlackBird\Desktop\MPS\MPS_ScheletDeCod\Debug\link-cvtres.write.1.tlog
C:\Users\BlackBird\Desktop\MPS\MPS_ScheletDeCod\Debug\mt.command.1.tlog
C:\Users\BlackBird\Desktop\MPS\MPS_ScheletDeCod\Debug\mt.read.1.tlog
C:\Users\BlackBird\Desktop\MPS\MPS_ScheletDeCod\Debug\mt.write.1.tlog
C:\Users\BlackBird\Desktop\MPS\MPS_ScheletDeCod\Debug\rc.command.1.tlog
C:\Users\BlackBird\Desktop\MPS\MPS_ScheletDeCod\Debug\rc.read.1.tlog
C:\Users\BlackBird\Desktop\MPS\MPS_ScheletDeCod\Debug\rc.write.1.tlog
C:\USERS\BLACKBIRD\DESKTOP\MPS\MPS_SCHELETDECOD\DEBUG\STDAFX.OBJ
C:\Users\BlackBird\Desktop\MPS\MPS_ScheletDeCod\Debug\vc100.idb
C:\USERS\BLACKBIRD\DESKTOP\MPS\MPS_SCHELETDECOD\DEBUG\VC100.PDB
