C:\Users\Student\Desktop\BAMbilici\MPS_ScheletDeCod\Debug\cl.command.1.tlog
C:\Users\Student\Desktop\BAMbilici\MPS_ScheletDeCod\Debug\CL.read.1.tlog
C:\Users\Student\Desktop\BAMbilici\MPS_ScheletDeCod\Debug\CL.write.1.tlog
C:\USERS\STUDENT\DESKTOP\BAMBILICI\MPS_SCHELETDECOD\DEBUG\DIRECT_ACCESS_IMAGE.OBJ
C:\USERS\STUDENT\DESKTOP\BAMBILICI\MPS_SCHELETDECOD\DEBUG\DIRECT_ACCESS_IMAGE_SAMPLE.OBJ
C:\USERS\STUDENT\DESKTOP\BAMBILICI\MPS_SCHELETDECOD\DEBUG\IPIXELBAMBILICI.EXE
C:\USERS\STUDENT\DESKTOP\BAMBILICI\MPS_SCHELETDECOD\DEBUG\IPIXELBAMBILICI.EXE.EMBED.MANIFEST
C:\USERS\STUDENT\DESKTOP\BAMBILICI\MPS_SCHELETDECOD\DEBUG\IPIXELBAMBILICI.EXE.EMBED.MANIFEST.RES
C:\USERS\STUDENT\DESKTOP\BAMBILICI\MPS_SCHELETDECOD\DEBUG\IPIXELBAMBILICI.EXE.INTERMEDIATE.MANIFEST
C:\USERS\STUDENT\DESKTOP\BAMBILICI\MPS_SCHELETDECOD\DEBUG\IPIXELBAMBILICI.ILK
C:\USERS\STUDENT\DESKTOP\BAMBILICI\MPS_SCHELETDECOD\DEBUG\IPIXELBAMBILICI.PCH
C:\USERS\STUDENT\DESKTOP\BAMBILICI\MPS_SCHELETDECOD\DEBUG\IPIXELBAMBILICI.PDB
C:\Users\Student\Desktop\BAMbilici\MPS_ScheletDeCod\Debug\IPixelBAMbilici_manifest.rc
C:\Users\Student\Desktop\BAMbilici\MPS_ScheletDeCod\Debug\link.1688.read.1.tlog
C:\Users\Student\Desktop\BAMbilici\MPS_ScheletDeCod\Debug\link.1688.write.1.tlog
C:\Users\Student\Desktop\BAMbilici\MPS_ScheletDeCod\Debug\link.1688-cvtres.read.1.tlog
C:\Users\Student\Desktop\BAMbilici\MPS_ScheletDeCod\Debug\link.1688-cvtres.write.1.tlog
C:\Users\Student\Desktop\BAMbilici\MPS_ScheletDeCod\Debug\link.command.1.tlog
C:\Users\Student\Desktop\BAMbilici\MPS_ScheletDeCod\Debug\link.read.1.tlog
C:\Users\Student\Desktop\BAMbilici\MPS_ScheletDeCod\Debug\link.write.1.tlog
C:\Users\Student\Desktop\BAMbilici\MPS_ScheletDeCod\Debug\link-cvtres.read.1.tlog
C:\Users\Student\Desktop\BAMbilici\MPS_ScheletDeCod\Debug\link-cvtres.write.1.tlog
C:\Users\Student\Desktop\BAMbilici\MPS_ScheletDeCod\Debug\mt.command.1.tlog
C:\Users\Student\Desktop\BAMbilici\MPS_ScheletDeCod\Debug\mt.read.1.tlog
C:\Users\Student\Desktop\BAMbilici\MPS_ScheletDeCod\Debug\mt.write.1.tlog
C:\Users\Student\Desktop\BAMbilici\MPS_ScheletDeCod\Debug\rc.command.1.tlog
C:\Users\Student\Desktop\BAMbilici\MPS_ScheletDeCod\Debug\rc.read.1.tlog
C:\Users\Student\Desktop\BAMbilici\MPS_ScheletDeCod\Debug\rc.write.1.tlog
C:\USERS\STUDENT\DESKTOP\BAMBILICI\MPS_SCHELETDECOD\DEBUG\STDAFX.OBJ
C:\Users\Student\Desktop\BAMbilici\MPS_ScheletDeCod\Debug\vc100.idb
C:\USERS\STUDENT\DESKTOP\BAMBILICI\MPS_SCHELETDECOD\DEBUG\VC100.PDB
