D:\GITHUB\PROIECT_MPS\DEBUG\DIRECT_ACCESS_IMAGE_SAMPLE.PCH
D:\GITHUB\PROIECT_MPS\DEBUG\STDAFX.OBJ
D:\GITHUB\PROIECT_MPS\DEBUG\VC110.PDB
D:\GITHUB\PROIECT_MPS\DEBUG\DIRECT_ACCESS_IMAGE.OBJ
D:\GITHUB\PROIECT_MPS\DEBUG\IMGBINARIZATION.OBJ
D:\GITHUB\PROIECT_MPS\DEBUG\DIRECT_ACCESS_IMAGE_SAMPLE.OBJ
D:\GITHUB\PROIECT_MPS\DEBUG\DIRECT_ACCESS_IMAGE_SAMPLE.ILK
D:\GITHUB\PROIECT_MPS\DEBUG\DIRECT_ACCESS_IMAGE_SAMPLE.EXE
D:\GITHUB\PROIECT_MPS\DEBUG\DIRECT_ACCESS_IMAGE_SAMPLE.PDB
D:\GitHub\proiect_mps\Debug\Direct_Access_Image.obj
D:\GitHub\proiect_mps\Debug\Direct_Access_Image_Sample.obj
D:\GitHub\proiect_mps\Debug\ImgBinarization.obj
D:\GitHub\proiect_mps\Debug\stdafx.obj
D:\GitHub\proiect_mps\Debug\Direct_Access_Image_Sample.ilk
D:\GitHub\proiect_mps\Debug\cl.command.1.tlog
D:\GitHub\proiect_mps\Debug\CL.read.1.tlog
D:\GitHub\proiect_mps\Debug\CL.write.1.tlog
D:\GitHub\proiect_mps\Debug\link-cvtres.read.1.tlog
D:\GitHub\proiect_mps\Debug\link-cvtres.write.1.tlog
D:\GitHub\proiect_mps\Debug\link-rc.read.1.tlog
D:\GitHub\proiect_mps\Debug\link-rc.write.1.tlog
D:\GitHub\proiect_mps\Debug\link.1324-cvtres.read.1.tlog
D:\GitHub\proiect_mps\Debug\link.1324-cvtres.write.1.tlog
D:\GitHub\proiect_mps\Debug\link.1324-rc.read.1.tlog
D:\GitHub\proiect_mps\Debug\link.1324-rc.write.1.tlog
D:\GitHub\proiect_mps\Debug\link.1324.read.1.tlog
D:\GitHub\proiect_mps\Debug\link.1324.write.1.tlog
D:\GitHub\proiect_mps\Debug\link.4372-cvtres.read.1.tlog
D:\GitHub\proiect_mps\Debug\link.4372-cvtres.write.1.tlog
D:\GitHub\proiect_mps\Debug\link.4372-rc.read.1.tlog
D:\GitHub\proiect_mps\Debug\link.4372-rc.write.1.tlog
D:\GitHub\proiect_mps\Debug\link.4372.read.1.tlog
D:\GitHub\proiect_mps\Debug\link.4372.write.1.tlog
D:\GitHub\proiect_mps\Debug\link.command.1.tlog
D:\GitHub\proiect_mps\Debug\link.read.1.tlog
D:\GitHub\proiect_mps\Debug\link.write.1.tlog
D:\GitHub\proiect_mps\Debug\Direct_Access_Image_Sample.pch
D:\GitHub\proiect_mps\Debug\vc110.idb
D:\GitHub\proiect_mps\Debug\Direct_Access_Image_Sample.pdb
D:\GitHub\proiect_mps\Debug\vc110.pdb
D:\GitHub\proiect_mps\Debug\Direct_Access_Image_Sample.exe
