Build started 17/12/2013 11:16:16 PM.
     1>Project "D:\Facultate\An 4 - sem 1\Managementul Proiectelor Software\Proiect\Direct_Access_Image_Sample.vcxproj" on node 2 (Build target(s)).
     1>ClCompile:
         C:\Program Files (x86)\Microsoft Visual Studio 11.0\VC\bin\CL.exe /c /Zi /nologo /W4 /WX- /O2 /Oi /Oy- /GL /D WIN32 /D NDEBUG /D _CONSOLE /D _UNICODE /D UNICODE /Gm- /EHsc /MD /GS /Gy /fp:precise /Zc:wchar_t /Zc:forScope /Yc"stdafx.h" /Fp"Release\Direct_Access_Image_Sample.pch" /Fo"Release\\" /Fd"Release\vc110.pdb" /Gd /TP /analyze- /errorReport:prompt stdafx.cpp
         stdafx.cpp
         C:\Program Files (x86)\Microsoft Visual Studio 11.0\VC\bin\CL.exe /c /Zi /nologo /W4 /WX- /O2 /Oi /Oy- /GL /D WIN32 /D NDEBUG /D _CONSOLE /D _UNICODE /D UNICODE /Gm- /EHsc /MD /GS /Gy /fp:precise /Zc:wchar_t /Zc:forScope /Yu"stdafx.h" /Fp"Release\Direct_Access_Image_Sample.pch" /Fo"Release\\" /Fd"Release\vc110.pdb" /Gd /TP /analyze- /errorReport:prompt Direct_Access_Image.cpp Direct_Access_Image_Sample.cpp
         Direct_Access_Image.cpp
         Direct_Access_Image_Sample.cpp
     1>Direct_Access_Image_Sample.cpp(101): warning C4244: '=' : conversion from 'int' to 'float', possible loss of data
     1>Direct_Access_Image_Sample.cpp(122): warning C4244: 'argument' : conversion from 'int' to 'BYTE', possible loss of data
     1>Direct_Access_Image_Sample.cpp(136): warning C4244: 'argument' : conversion from 'int' to 'BYTE', possible loss of data
     1>Direct_Access_Image_Sample.cpp(149): warning C4996: 'mkdir': The POSIX name for this item is deprecated. Instead, use the ISO C++ conformant name: _mkdir. See online help for details.
                 C:\Program Files (x86)\Microsoft Visual Studio 11.0\VC\include\direct.h(140) : see declaration of 'mkdir'
       Link:
         C:\Program Files (x86)\Microsoft Visual Studio 11.0\VC\bin\link.exe /ERRORREPORT:PROMPT /OUT:"D:\Facultate\An 4 - sem 1\Managementul Proiectelor Software\Proiect\Release\Direct_Access_Image_Sample.exe" /INCREMENTAL:NO /NOLOGO kernel32.lib user32.lib gdi32.lib winspool.lib comdlg32.lib advapi32.lib shell32.lib ole32.lib oleaut32.lib uuid.lib odbc32.lib odbccp32.lib /MANIFEST /MANIFESTUAC:"level='asInvoker' uiAccess='false'" /manifest:embed /DEBUG /PDB:"D:\Facultate\An 4 - sem 1\Managementul Proiectelor Software\Proiect\Release\Direct_Access_Image_Sample.pdb" /SUBSYSTEM:CONSOLE /OPT:REF /OPT:ICF /LTCG /TLBID:1 /DYNAMICBASE /NXCOMPAT /IMPLIB:"D:\Facultate\An 4 - sem 1\Managementul Proiectelor Software\Proiect\Release\Direct_Access_Image_Sample.lib" /MACHINE:X86 /SAFESEH Release\Direct_Access_Image.obj
         Release\Direct_Access_Image_Sample.obj
         Release\stdafx.obj
         Generating code
         Finished generating code
         Direct_Access_Image_Sample.vcxproj -> D:\Facultate\An 4 - sem 1\Managementul Proiectelor Software\Proiect\Release\Direct_Access_Image_Sample.exe
     1>Done Building Project "D:\Facultate\An 4 - sem 1\Managementul Proiectelor Software\Proiect\Direct_Access_Image_Sample.vcxproj" (Build target(s)).

Build succeeded.

Time Elapsed 00:00:01.39
